09-23-2015 14:58:03 | Error No.: 1 | Error Msg: Base price is missing.
09-23-2015 14:58:06 | Error No.: 2 | Error Msg: Option set with given name is missing.
09-23-2015 14:58:06 | Error No.: 3 | Error Msg: Option with given name is missing
09-23-2015 15:00:02 | Error No.: 1 | Error Msg: Base price is missing.
09-23-2015 15:00:06 | Error No.: 2 | Error Msg: Option set with given name is missing.
09-23-2015 15:00:06 | Error No.: 3 | Error Msg: Option with given name is missing
09-23-2015 15:00:06 | Error No.: 4 | Error Msg: Error in the input filename.
09-23-2015 15:00:58 | Error No.: 1 | Error Msg: Base price is missing.
09-23-2015 15:01:04 | Error No.: 2 | Error Msg: Option set with given name is missing.
09-23-2015 15:01:04 | Error No.: 3 | Error Msg: Option with given name is missing
09-23-2015 15:01:04 | Error No.: 4 | Error Msg: Error in the input filename.
09-23-2015 15:02:46 | Error No.: 1 | Error Msg: Base price is missing.
09-23-2015 15:02:49 | Error No.: 2 | Error Msg: Option set with given name is missing.
09-23-2015 15:02:49 | Error No.: 3 | Error Msg: Option with given name is missing
09-23-2015 15:02:49 | Error No.: 4 | Error Msg: Error in the input filename.
09-23-2015 15:03:29 | Error No.: 1 | Error Msg: Base price is missing.
09-23-2015 15:03:36 | Error No.: 2 | Error Msg: Option set with given name is missing.
09-23-2015 15:03:36 | Error No.: 3 | Error Msg: Option with given name is missing
09-23-2015 15:03:36 | Error No.: 4 | Error Msg: Error in the input filename.
09-23-2015 15:03:40 | Error No.: 4 | Error Msg: Error in the input filename.
09-23-2015 15:03:46 | Error No.: 4 | Error Msg: Error in the input filename.
09-23-2015 15:06:00 | Error No.: 1 | Error Msg: Base price is missing.
09-23-2015 15:06:02 | Error No.: 2 | Error Msg: Option set with given name is missing.
09-23-2015 15:06:02 | Error No.: 3 | Error Msg: Option with given name is missing
09-23-2015 15:06:02 | Error No.: 4 | Error Msg: Error in the input filename.
09-23-2015 15:06:08 | Error No.: 8 | Error Msg: The format of number in the file is wrong.
09-23-2015 15:23:44 | Error No.: 1 | Error Msg: Base price is missing.
09-23-2015 15:24:05 | Error No.: 2 | Error Msg: Option set with given name is missing.
09-23-2015 15:24:05 | Error No.: 3 | Error Msg: Option with given name is missing
09-23-2015 15:24:05 | Error No.: 4 | Error Msg: Error in the input filename.
09-23-2015 15:24:20 | Error No.: 4 | Error Msg: Error in the input filename.
09-23-2015 15:24:33 | Error No.: 8 | Error Msg: The format of number in the file is wrong.
09-23-2015 15:27:28 | Error No.: 1 | Error Msg: Base price is missing.
09-23-2015 15:27:34 | Error No.: 2 | Error Msg: Option set with given name is missing.
09-23-2015 15:27:34 | Error No.: 3 | Error Msg: Option with given name is missing
09-23-2015 15:27:34 | Error No.: 4 | Error Msg: Error in the input filename.
09-23-2015 15:27:42 | Error No.: 8 | Error Msg: The format of number in the file is wrong.
09-23-2015 17:48:32 | Error No.: 1 | Error Msg: Base price is missing.
09-23-2015 17:48:38 | Error No.: 2 | Error Msg: Option set with given name is missing.
09-23-2015 17:48:38 | Error No.: 3 | Error Msg: Option with given name is missing
09-23-2015 17:48:38 | Error No.: 4 | Error Msg: Error in the input filename.
09-23-2015 17:48:54 | Error No.: 8 | Error Msg: The format of number in the file is wrong.
09-23-2015 18:29:21 | Error No.: 1 | Error Msg: Base price is missing.
09-23-2015 18:39:13 | Error No.: 1 | Error Msg: Base price is missing.
09-23-2015 18:39:16 | Error No.: 10 | Error Msg: Model with given name is missing.
09-23-2015 18:44:19 | Error No.: 1 | Error Msg: Base price is missing.
09-23-2015 18:44:34 | Error No.: 10 | Error Msg: Model with given name is missing.
09-23-2015 18:44:55 | Error No.: 4 | Error Msg: Error in the input filename.
09-23-2015 18:48:36 | Error No.: 1 | Error Msg: Base price is missing.
09-23-2015 18:48:39 | Error No.: 10 | Error Msg: Model with given name is missing.
09-23-2015 18:50:55 | Error No.: 1 | Error Msg: Base price is missing.
09-23-2015 18:51:07 | Error No.: 10 | Error Msg: Model with given name is missing.
09-23-2015 18:53:12 | Error No.: 1 | Error Msg: Base price is missing.
09-23-2015 18:53:16 | Error No.: 3 | Error Msg: Option with given name is missing
09-23-2015 18:53:16 | Error No.: 4 | Error Msg: Error in the input filename.
09-23-2015 18:56:35 | Error No.: 1 | Error Msg: Base price is missing.
09-23-2015 18:56:38 | Error No.: 3 | Error Msg: Option with given name is missing
09-23-2015 18:56:38 | Error No.: 4 | Error Msg: Error in the input filename.
09-23-2015 18:56:48 | Error No.: 8 | Error Msg: The format of number in the file is wrong.
09-23-2015 20:30:28 | Error No.: 1 | Error Msg: Base price is missing.
09-23-2015 20:30:31 | Error No.: 3 | Error Msg: Option with given name is missing
09-23-2015 20:30:31 | Error No.: 4 | Error Msg: Error in the input filename.
09-23-2015 20:30:40 | Error No.: 8 | Error Msg: The format of number in the file is wrong.
09-23-2015 21:48:21 | Error No.: 1 | Error Msg: Base price is missing.
09-23-2015 21:48:25 | Error No.: 3 | Error Msg: Option with given name is missing
09-23-2015 21:48:25 | Error No.: 4 | Error Msg: Error in the input filename.
09-23-2015 21:48:39 | Error No.: 8 | Error Msg: The format of number in the file is wrong.
09-30-2015 21:40:15 | Error No.: 2 | Error Msg: Option set with given name is missing.
09-30-2015 21:40:15 | Error No.: 2 | Error Msg: Option set with given name is missing.
10-14-2015 17:17:51 | Error No.: 10 | Error Msg: Model with given name is missing.
